This file contains any messages produced by compilers while
running configure, to aid debugging if configure makes a mistake.

It was created by libjpeg configure 8.0, which was
generated by GNU Autoconf 2.69.  Invocation command line was

  $ ./configure 

## --------- ##
## Platform. ##
## --------- ##

hostname = hanshinandeMacBook-Pro.local
uname -m = x86_64
uname -r = 15.0.0
uname -s = Darwin
uname -v = Darwin Kernel Version 15.0.0: Sat Sep 19 15:53:46 PDT 2015; root:xnu-3247.10.11~1/RELEASE_X86_64

/usr/bin/uname -p = i386
/bin/uname -X     = unknown

/bin/arch              = unknown
/usr/bin/arch -k       = unknown
/usr/convex/getsysinfo = unknown
/usr/bin/hostinfo      = Mach kernel version:
	 Darwin Kernel Version 15.0.0: Sat Sep 19 15:53:46 PDT 2015; root:xnu-3247.10.11~1/RELEASE_X86_64
Kernel configured for up to 4 processors.
2 processors are physically available.
4 processors are logically available.
Processor type: x86_64h (Intel x86-64h Haswell)
Processors active: 0 1 2 3
Primary memory available: 8.00 gigabytes
Default processor set: 326 tasks, 2416 threads, 4 processors
Load average: 1.98, Mach factor: 2.01
/bin/machine           = unknown
/usr/bin/oslevel       = unknown
/bin/universe          = unknown

PATH: /Users/hanshinan/Dev/php/php-5_4_44/bin
PATH: /usr/local/bin
PATH: /usr/bin
PATH: /bin
PATH: /usr/sbin
PATH: /sbin
PATH: /Users/hanshinan/Dev/go/go-1_4_2/bin


## ----------- ##
## Core tests. ##
## ----------- ##

configure:2331: checking for gcc
configure:2347: found /usr/bin/gcc
configure:2358: result: gcc
configure:2587: checking for C compiler version
configure:2596: gcc --version >&5
Apple LLVM version 7.0.2 (clang-700.1.81)
Target: x86_64-apple-darwin15.0.0
Thread model: posix
Configured with: --prefix=/Applications/Xcode.app/Contents/Developer/usr --with-gxx-include-dir=/Applications/Xcode.app/Contents/Developer/Platforms/MacOSX.platform/Developer/SDKs/MacOSX10.11.sdk/usr/include/c++/4.2.1
configure:2607: $? = 0
configure:2596: gcc -v >&5
Configured with: --prefix=/Applications/Xcode.app/Contents/Developer/usr --with-gxx-include-dir=/Applications/Xcode.app/Contents/Developer/Platforms/MacOSX.platform/Developer/SDKs/MacOSX10.11.sdk/usr/include/c++/4.2.1
Apple LLVM version 7.0.2 (clang-700.1.81)
Target: x86_64-apple-darwin15.0.0
Thread model: posix
configure:2607: $? = 0
configure:2596: gcc -V >&5
clang: error: argument to '-V' is missing (expected 1 value)
clang: error: no input files
configure:2607: $? = 1
configure:2596: gcc -qversion >&5
clang: error: unknown argument: '-qversion'
clang: error: no input files
configure:2607: $? = 1
configure:2627: checking whether the C compiler works
configure:2649: gcc    conftest.c  >&5
configure:2653: $? = 0
configure:2701: result: yes
configure:2704: checking for C compiler default output file name
configure:2706: result: a.out
configure:2712: checking for suffix of executables
configure:2719: gcc -o conftest    conftest.c  >&5
configure:2723: $? = 0
configure:2745: result: 
configure:2767: checking whether we are cross compiling
configure:2775: gcc -o conftest    conftest.c  >&5
configure:2779: $? = 0
configure:2786: ./conftest
configure:2790: $? = 0
configure:2805: result: no
configure:2810: checking for suffix of object files
configure:2832: gcc -c   conftest.c >&5
configure:2836: $? = 0
configure:2857: result: o
configure:2861: checking whether we are using the GNU C compiler
configure:2880: gcc -c   conftest.c >&5
configure:2880: $? = 0
configure:2889: result: yes
configure:2898: checking whether gcc accepts -g
configure:2918: gcc -c -g  conftest.c >&5
configure:2918: $? = 0
configure:2959: result: yes
configure:2976: checking for gcc option to accept ISO C89
configure:3039: gcc  -c -g -O2  conftest.c >&5
configure:3039: $? = 0
configure:3052: result: none needed
configure:3077: checking whether gcc understands -c and -o together
configure:3099: gcc -c conftest.c -o conftest2.o
configure:3102: $? = 0
configure:3099: gcc -c conftest.c -o conftest2.o
configure:3102: $? = 0
configure:3114: result: yes
configure:3181: checking for ar
configure:3197: found /usr/bin/ar
configure:3208: result: ar
configure:3234: checking the archiver (ar) interface
configure:3250: gcc -c -g -O2  conftest.c >&5
configure:3250: $? = 0
configure:3252: ar cru libconftest.a conftest.o >&5
configure:3255: $? = 0
configure:3283: result: ar
configure:3314: checking build system type
configure:3328: result: x86_64-apple-darwin15.0.0
configure:3348: checking host system type
configure:3361: result: x86_64-apple-darwin15.0.0
configure:3381: checking target system type
configure:3394: result: x86_64-apple-darwin15.0.0
configure:3440: checking for a BSD-compatible install
configure:3508: result: /usr/bin/install -c
configure:3519: checking whether build environment is sane
configure:3574: result: yes
configure:3722: checking for a thread-safe mkdir -p
configure:3761: result: ./install-sh -c -d
configure:3768: checking for gawk
configure:3798: result: no
configure:3768: checking for mawk
configure:3798: result: no
configure:3768: checking for nawk
configure:3798: result: no
configure:3768: checking for awk
configure:3784: found /usr/bin/awk
configure:3795: result: awk
configure:3806: checking whether make sets $(MAKE)
configure:3828: result: yes
configure:3858: checking for style of include used by make
configure:3886: result: GNU
configure:3920: checking whether make supports nested variables
configure:3937: result: yes
configure:4022: checking dependency style of gcc
configure:4133: result: gcc3
configure:4206: checking whether make supports nested variables
configure:4223: result: yes
configure:4242: checking whether to enable maintainer-specific portions of Makefiles
configure:4251: result: no
configure:4314: checking for gcc
configure:4341: result: gcc
configure:4570: checking for C compiler version
configure:4579: gcc --version >&5
Apple LLVM version 7.0.2 (clang-700.1.81)
Target: x86_64-apple-darwin15.0.0
Thread model: posix
Configured with: --prefix=/Applications/Xcode.app/Contents/Developer/usr --with-gxx-include-dir=/Applications/Xcode.app/Contents/Developer/Platforms/MacOSX.platform/Developer/SDKs/MacOSX10.11.sdk/usr/include/c++/4.2.1
configure:4590: $? = 0
configure:4579: gcc -v >&5
Configured with: --prefix=/Applications/Xcode.app/Contents/Developer/usr --with-gxx-include-dir=/Applications/Xcode.app/Contents/Developer/Platforms/MacOSX.platform/Developer/SDKs/MacOSX10.11.sdk/usr/include/c++/4.2.1
Apple LLVM version 7.0.2 (clang-700.1.81)
Target: x86_64-apple-darwin15.0.0
Thread model: posix
configure:4590: $? = 0
configure:4579: gcc -V >&5
clang: error: argument to '-V' is missing (expected 1 value)
clang: error: no input files
configure:4590: $? = 1
configure:4579: gcc -qversion >&5
clang: error: unknown argument: '-qversion'
clang: error: no input files
configure:4590: $? = 1
configure:4594: checking whether we are using the GNU C compiler
configure:4622: result: yes
configure:4631: checking whether gcc accepts -g
configure:4692: result: yes
configure:4709: checking for gcc option to accept ISO C89
configure:4785: result: none needed
configure:4810: checking whether gcc understands -c and -o together
configure:4847: result: yes
configure:4868: checking for gcc option to accept ISO C99
configure:5017: gcc  -c -g -O2  conftest.c >&5
configure:5017: $? = 0
configure:5030: result: none needed
configure:5138: checking for gcc option to accept ISO Standard C
configure:5149: result: none needed
configure:5161: checking how to run the C preprocessor
configure:5192: gcc -E  conftest.c
configure:5192: $? = 0
configure:5206: gcc -E  conftest.c
conftest.c:11:10: fatal error: 'ac_nonexistent.h' file not found
#include <ac_nonexistent.h>
         ^
1 error generated.
configure:5206: $? = 1
configure: failed program was:
| /* confdefs.h */
| #define PACKAGE_NAME "libjpeg"
| #define PACKAGE_TARNAME "libjpeg"
| #define PACKAGE_VERSION "8.0"
| #define PACKAGE_STRING "libjpeg 8.0"
| #define PACKAGE_BUGREPORT ""
| #define PACKAGE_URL ""
| #define PACKAGE "libjpeg"
| #define VERSION "8.0"
| /* end confdefs.h.  */
| #include <ac_nonexistent.h>
configure:5231: result: gcc -E
configure:5251: gcc -E  conftest.c
configure:5251: $? = 0
configure:5265: gcc -E  conftest.c
conftest.c:11:10: fatal error: 'ac_nonexistent.h' file not found
#include <ac_nonexistent.h>
         ^
1 error generated.
configure:5265: $? = 1
configure: failed program was:
| /* confdefs.h */
| #define PACKAGE_NAME "libjpeg"
| #define PACKAGE_TARNAME "libjpeg"
| #define PACKAGE_VERSION "8.0"
| #define PACKAGE_STRING "libjpeg 8.0"
| #define PACKAGE_BUGREPORT ""
| #define PACKAGE_URL ""
| #define PACKAGE "libjpeg"
| #define VERSION "8.0"
| /* end confdefs.h.  */
| #include <ac_nonexistent.h>
configure:5294: checking whether make sets $(MAKE)
configure:5316: result: yes
configure:5325: checking whether ln -s works
configure:5329: result: yes
configure:5345: checking if LD -Wl,--version-script works
configure:5360: gcc -o conftest -g -O2   -Wl,--version-script=conftest.map conftest.c  >&5
clang: error: no such file or directory: 'conftest.c'
configure:5360: $? = 1
configure: failed program was:
configure:5369: result: no
configure:5382: checking for function prototypes
configure:5409: gcc -c -g -O2  conftest.c >&5
configure:5409: $? = 0
configure:5417: result: yes
configure:5433: checking for grep that handles long lines and -e
configure:5491: result: /usr/bin/grep
configure:5496: checking for egrep
configure:5558: result: /usr/bin/grep -E
configure:5563: checking for ANSI C header files
configure:5583: gcc -c -g -O2  conftest.c >&5
configure:5583: $? = 0
configure:5656: gcc -o conftest -g -O2   conftest.c  >&5
configure:5656: $? = 0
configure:5656: ./conftest
configure:5656: $? = 0
configure:5667: result: yes
configure:5680: checking for sys/types.h
configure:5680: gcc -c -g -O2  conftest.c >&5
configure:5680: $? = 0
configure:5680: result: yes
configure:5680: checking for sys/stat.h
configure:5680: gcc -c -g -O2  conftest.c >&5
configure:5680: $? = 0
configure:5680: result: yes
configure:5680: checking for stdlib.h
configure:5680: gcc -c -g -O2  conftest.c >&5
configure:5680: $? = 0
configure:5680: result: yes
configure:5680: checking for string.h
configure:5680: gcc -c -g -O2  conftest.c >&5
configure:5680: $? = 0
configure:5680: result: yes
configure:5680: checking for memory.h
configure:5680: gcc -c -g -O2  conftest.c >&5
configure:5680: $? = 0
configure:5680: result: yes
configure:5680: checking for strings.h
configure:5680: gcc -c -g -O2  conftest.c >&5
configure:5680: $? = 0
configure:5680: result: yes
configure:5680: checking for inttypes.h
configure:5680: gcc -c -g -O2  conftest.c >&5
configure:5680: $? = 0
configure:5680: result: yes
configure:5680: checking for stdint.h
configure:5680: gcc -c -g -O2  conftest.c >&5
configure:5680: $? = 0
configure:5680: result: yes
configure:5680: checking for unistd.h
configure:5680: gcc -c -g -O2  conftest.c >&5
configure:5680: $? = 0
configure:5680: result: yes
configure:5695: checking stddef.h usability
configure:5695: gcc -c -g -O2  conftest.c >&5
configure:5695: $? = 0
configure:5695: result: yes
configure:5695: checking stddef.h presence
configure:5695: gcc -E  conftest.c
configure:5695: $? = 0
configure:5695: result: yes
configure:5695: checking for stddef.h
configure:5695: result: yes
configure:5695: checking for stdlib.h
configure:5695: result: yes
configure:5695: checking locale.h usability
configure:5695: gcc -c -g -O2  conftest.c >&5
configure:5695: $? = 0
configure:5695: result: yes
configure:5695: checking locale.h presence
configure:5695: gcc -E  conftest.c
configure:5695: $? = 0
configure:5695: result: yes
configure:5695: checking for locale.h
configure:5695: result: yes
configure:5705: checking for string.h
configure:5705: result: yes
configure:5718: checking for size_t
configure:5745: gcc -c -g -O2  conftest.c >&5
configure:5745: $? = 0
configure:5751: result: yes
configure:5785: checking for type unsigned char
configure:5798: gcc -c -g -O2  conftest.c >&5
configure:5798: $? = 0
configure:5799: result: yes
configure:5809: checking for type unsigned short
configure:5822: gcc -c -g -O2  conftest.c >&5
configure:5822: $? = 0
configure:5823: result: yes
configure:5833: checking for type void
configure:5867: gcc -c -g -O2  conftest.c >&5
configure:5867: $? = 0
configure:5868: result: yes
configure:5878: checking for an ANSI C-conforming const
configure:5944: gcc -c -g -O2  conftest.c >&5
configure:5944: $? = 0
configure:5951: result: yes
configure:5961: checking for inline
configure:5976: gcc -c -g -O2  conftest.c >&5
configure:5976: $? = 0
configure:6014: result: __inline__
configure:6023: checking for broken incomplete types
configure:6036: gcc -c -g -O2  conftest.c >&5
configure:6036: $? = 0
configure:6037: result: ok
configure:6049: checking for short external names
configure:6065: gcc -o conftest -g -O2   conftest.c  >&5
configure:6065: $? = 0
configure:6066: result: ok
configure:6079: checking to see if char is signed
configure:6110: gcc -o conftest -g -O2   conftest.c  >&5
conftest.c:40:5: warning: implicitly declaring library function 'printf' with type 'int (const char *, ...)'
    printf("Hmm, it seems 'char' is not eight bits wide on your machine.\n");
    ^
conftest.c:40:5: note: include the header <stdio.h> or explicitly provide a declaration for 'printf'
conftest.c:47:3: warning: implicitly declaring library function 'exit' with type 'void (int) __attribute__((noreturn))'
  exit(is_char_signed((int) signed_char_check));
  ^
conftest.c:47:3: note: include the header <stdlib.h> or explicitly provide a declaration for 'exit'
2 warnings generated.
configure:6110: $? = 0
configure:6110: ./conftest
configure:6110: $? = 1
configure: program exited with status 1
configure: failed program was:
| /* confdefs.h */
| #define PACKAGE_NAME "libjpeg"
| #define PACKAGE_TARNAME "libjpeg"
| #define PACKAGE_VERSION "8.0"
| #define PACKAGE_STRING "libjpeg 8.0"
| #define PACKAGE_BUGREPORT ""
| #define PACKAGE_URL ""
| #define PACKAGE "libjpeg"
| #define VERSION "8.0"
| #define HAVE_PROTOTYPES 1
| #define STDC_HEADERS 1
| #define HAVE_SYS_TYPES_H 1
| #define HAVE_SYS_STAT_H 1
| #define HAVE_STDLIB_H 1
| #define HAVE_STRING_H 1
| #define HAVE_MEMORY_H 1
| #define HAVE_STRINGS_H 1
| #define HAVE_INTTYPES_H 1
| #define HAVE_STDINT_H 1
| #define HAVE_UNISTD_H 1
| #define HAVE_STDDEF_H 1
| #define HAVE_STDLIB_H 1
| #define HAVE_LOCALE_H 1
| #define HAVE_UNSIGNED_CHAR 1
| #define HAVE_UNSIGNED_SHORT 1
| #define INLINE __inline__
| /* end confdefs.h.  */
| 
| #ifdef HAVE_PROTOTYPES
| int is_char_signed (int arg)
| #else
| int is_char_signed (arg)
|      int arg;
| #endif
| {
|   if (arg == 189) {		/* expected result for unsigned char */
|     return 0;			/* type char is unsigned */
|   }
|   else if (arg != -67) {	/* expected result for signed char */
|     printf("Hmm, it seems 'char' is not eight bits wide on your machine.\n");
|     printf("I fear the JPEG software will not work at all.\n\n");
|   }
|   return 1;			/* assume char is signed otherwise */
| }
| char signed_char_check = (char) (-67);
| int main() {
|   exit(is_char_signed((int) signed_char_check));
| }
configure:6117: result: yes
configure:6124: checking to see if right shift is signed
configure:6160: gcc -o conftest -g -O2   conftest.c  >&5
conftest.c:48:3: warning: implicitly declaring library function 'printf' with type 'int (const char *, ...)'
  printf("Right shift isn't acting as I expect it to.\n");
  ^
conftest.c:48:3: note: include the header <stdio.h> or explicitly provide a declaration for 'printf'
conftest.c:53:3: warning: implicitly declaring library function 'exit' with type 'void (int) __attribute__((noreturn))'
  exit(is_shifting_signed(-0x7F7E80B1L));
  ^
conftest.c:53:3: note: include the header <stdlib.h> or explicitly provide a declaration for 'exit'
2 warnings generated.
configure:6160: $? = 0
configure:6160: ./conftest
configure:6160: $? = 1
configure: program exited with status 1
configure: failed program was:
| /* confdefs.h */
| #define PACKAGE_NAME "libjpeg"
| #define PACKAGE_TARNAME "libjpeg"
| #define PACKAGE_VERSION "8.0"
| #define PACKAGE_STRING "libjpeg 8.0"
| #define PACKAGE_BUGREPORT ""
| #define PACKAGE_URL ""
| #define PACKAGE "libjpeg"
| #define VERSION "8.0"
| #define HAVE_PROTOTYPES 1
| #define STDC_HEADERS 1
| #define HAVE_SYS_TYPES_H 1
| #define HAVE_SYS_STAT_H 1
| #define HAVE_STDLIB_H 1
| #define HAVE_STRING_H 1
| #define HAVE_MEMORY_H 1
| #define HAVE_STRINGS_H 1
| #define HAVE_INTTYPES_H 1
| #define HAVE_STDINT_H 1
| #define HAVE_UNISTD_H 1
| #define HAVE_STDDEF_H 1
| #define HAVE_STDLIB_H 1
| #define HAVE_LOCALE_H 1
| #define HAVE_UNSIGNED_CHAR 1
| #define HAVE_UNSIGNED_SHORT 1
| #define INLINE __inline__
| /* end confdefs.h.  */
| 
| #ifdef HAVE_PROTOTYPES
| int is_shifting_signed (long arg)
| #else
| int is_shifting_signed (arg)
|      long arg;
| #endif
| /* See whether right-shift on a long is signed or not. */
| {
|   long res = arg >> 4;
| 
|   if (res == -0x7F7E80CL) {	/* expected result for signed shift */
|     return 1;			/* right shift is signed */
|   }
|   /* see if unsigned-shift hack will fix it. */
|   /* we can't just test exact value since it depends on width of long... */
|   res |= (~0L) << (32-4);
|   if (res == -0x7F7E80CL) {	/* expected result now? */
|     return 0;			/* right shift is unsigned */
|   }
|   printf("Right shift isn't acting as I expect it to.\n");
|   printf("I fear the JPEG software will not work at all.\n\n");
|   return 0;			/* try it with unsigned anyway */
| }
| int main() {
|   exit(is_shifting_signed(-0x7F7E80B1L));
| }
configure:6167: result: yes
configure:6174: checking to see if fopen accepts b spec
configure:6190: gcc -o conftest -g -O2   conftest.c  >&5
conftest.c:32:5: warning: implicitly declaring library function 'exit' with type 'void (int) __attribute__((noreturn))'
    exit(0);
    ^
conftest.c:32:5: note: include the header <stdlib.h> or explicitly provide a declaration for 'exit'
1 warning generated.
configure:6190: $? = 0
configure:6190: ./conftest
configure:6190: $? = 0
configure:6191: result: yes
configure:6555: checking how to print strings
configure:6582: result: printf
configure:6603: checking for a sed that does not truncate output
configure:6667: result: /usr/bin/sed
configure:6685: checking for fgrep
configure:6747: result: /usr/bin/grep -F
configure:6782: checking for ld used by gcc
configure:6849: result: /Applications/Xcode.app/Contents/Developer/Toolchains/XcodeDefault.xctoolchain/usr/bin/ld
configure:6856: checking if the linker (/Applications/Xcode.app/Contents/Developer/Toolchains/XcodeDefault.xctoolchain/usr/bin/ld) is GNU ld
configure:6871: result: no
configure:6883: checking for BSD- or MS-compatible name lister (nm)
configure:6937: result: /usr/bin/nm
configure:7067: checking the name lister (/usr/bin/nm) interface
configure:7074: gcc -c -g -O2  conftest.c >&5
configure:7077: /usr/bin/nm "conftest.o"
configure:7080: output
0000000000000208 S _some_variable
configure:7087: result: BSD nm
configure:7091: checking the maximum length of command line arguments
configure:7222: result: 196608
configure:7270: checking how to convert x86_64-apple-darwin15.0.0 file names to x86_64-apple-darwin15.0.0 format
configure:7310: result: func_convert_file_noop
configure:7317: checking how to convert x86_64-apple-darwin15.0.0 file names to toolchain format
configure:7337: result: func_convert_file_noop
configure:7344: checking for /Applications/Xcode.app/Contents/Developer/Toolchains/XcodeDefault.xctoolchain/usr/bin/ld option to reload object files
configure:7351: result: -r
configure:7425: checking for objdump
configure:7452: result: objdump
configure:7481: checking how to recognize dependent libraries
configure:7681: result: pass_all
configure:7766: checking for dlltool
configure:7793: result: dlltool
configure:7823: checking how to associate runtime and link libraries
configure:7850: result: printf %s\n
configure:7974: checking for archiver @FILE support
configure:7991: gcc -c -g -O2  conftest.c >&5
configure:7991: $? = 0
configure:7994: ar cru libconftest.a @conftest.lst >&5
ar: @conftest.lst: No such file or directory
configure:7997: $? = 1
configure:8017: result: no
configure:8075: checking for strip
configure:8091: found /usr/bin/strip
configure:8102: result: strip
configure:8174: checking for ranlib
configure:8190: found /usr/bin/ranlib
configure:8201: result: ranlib
configure:8303: checking command to parse /usr/bin/nm output from gcc object
configure:8456: gcc -c -g -O2  conftest.c >&5
configure:8459: $? = 0
configure:8463: /usr/bin/nm conftest.o \| sed -n -e 's/^.*[ ]\([BCDEGRST][BCDEGRST]*\)[ ][ ]*\([_A-Za-z][_A-Za-z0-9]*\)$/\1 \2 \2/p' | sed '/ __gnu_lto/d' \> conftest.nm
configure:8466: $? = 0
cannot find nm_test_var in conftest.nm
configure:8456: gcc -c -g -O2  conftest.c >&5
configure:8459: $? = 0
configure:8463: /usr/bin/nm conftest.o \| sed -n -e 's/^.*[ ]\([BCDEGRST][BCDEGRST]*\)[ ][ ]*_\([_A-Za-z][_A-Za-z0-9]*\)$/\1 _\2 \2/p' | sed '/ __gnu_lto/d' \> conftest.nm
configure:8466: $? = 0
configure:8532: gcc -o conftest -g -O2   conftest.c conftstm.o >&5
warning: (x86_64)  could not find object file symbol for symbol _main
configure:8535: $? = 0
configure:8573: result: ok
configure:8620: checking for sysroot
configure:8650: result: no
configure:8657: checking for a working dd
configure:8695: result: /bin/dd
configure:8699: checking how to truncate binary pipes
configure:8714: result: /bin/dd bs=4096 count=1
configure:9043: checking for mt
configure:9073: result: no
configure:9093: checking if : is a manifest tool
configure:9099: : '-?'
configure:9107: result: no
configure:9163: checking for dsymutil
configure:9179: found /usr/bin/dsymutil
configure:9190: result: dsymutil
configure:9255: checking for nmedit
configure:9271: found /usr/bin/nmedit
configure:9282: result: nmedit
configure:9347: checking for lipo
configure:9363: found /usr/bin/lipo
configure:9374: result: lipo
configure:9439: checking for otool
configure:9455: found /usr/bin/otool
configure:9466: result: otool
configure:9531: checking for otool64
configure:9561: result: no
configure:9606: checking for -single_module linker flag
gcc -g -O2  -o libconftest.dylib -dynamiclib -Wl,-single_module conftest.c
configure:9639: result: yes
configure:9642: checking for -exported_symbols_list linker flag
configure:9662: gcc -o conftest -g -O2   -Wl,-exported_symbols_list,conftest.sym conftest.c  >&5
configure:9662: $? = 0
configure:9672: result: yes
configure:9675: checking for -force_load linker flag
gcc -g -O2 -c -o conftest.o conftest.c
ar cru libconftest.a conftest.o
ranlib libconftest.a
gcc -g -O2  -o conftest conftest.c -Wl,-force_load,./libconftest.a
configure:9707: result: yes
configure:9781: checking for dlfcn.h
configure:9781: gcc -c -g -O2  conftest.c >&5
configure:9781: $? = 0
configure:9781: result: yes
configure:10035: checking for objdir
configure:10050: result: .libs
configure:10314: checking if gcc supports -fno-rtti -fno-exceptions
configure:10332: gcc -c -g -O2  -fno-rtti -fno-exceptions conftest.c >&5
configure:10336: $? = 0
configure:10349: result: yes
configure:10707: checking for gcc option to produce PIC
configure:10714: result: -fno-common -DPIC
configure:10722: checking if gcc PIC flag -fno-common -DPIC works
configure:10740: gcc -c -g -O2  -fno-common -DPIC -DPIC conftest.c >&5
configure:10744: $? = 0
configure:10757: result: yes
configure:10786: checking if gcc static flag -static works
configure:10814: result: no
configure:10829: checking if gcc supports -c -o file.o
configure:10850: gcc -c -g -O2  -o out/conftest2.o conftest.c >&5
configure:10854: $? = 0
configure:10876: result: yes
configure:10884: checking if gcc supports -c -o file.o
configure:10931: result: yes
configure:10964: checking whether the gcc linker (/Applications/Xcode.app/Contents/Developer/Toolchains/XcodeDefault.xctoolchain/usr/bin/ld) supports shared libraries
configure:12223: result: yes
configure:12463: checking dynamic linker characteristics
configure:13281: result: darwin15.0.0 dyld
configure:13403: checking how to hardcode library paths into programs
configure:13428: result: immediate
configure:13976: checking whether stripping libraries is possible
configure:13990: result: yes
configure:14016: checking if libtool supports shared libraries
configure:14018: result: yes
configure:14021: checking whether to build shared libraries
configure:14046: result: yes
configure:14049: checking whether to build static libraries
configure:14053: result: yes
configure:14171: checking libjpeg version number
configure:14175: result: 8:0
configure:14179: checking for os system
configure:14184: result: darwin
configure:14516: checking that generated files are newer than configure
configure:14522: result: done
configure:14557: creating ./config.status

## ---------------------- ##
## Running config.status. ##
## ---------------------- ##

This file was extended by libjpeg config.status 8.0, which was
generated by GNU Autoconf 2.69.  Invocation command line was

  CONFIG_FILES    = 
  CONFIG_HEADERS  = 
  CONFIG_LINKS    = 
  CONFIG_COMMANDS = 
  $ ./config.status 

on hanshinandeMacBook-Pro.local

config.status:1104: creating Makefile
config.status:1104: creating jconfig.h
config.status:1285: jconfig.h is unchanged
config.status:1333: executing depfiles commands
config.status:1333: executing libtool commands

## ---------------- ##
## Cache variables. ##
## ---------------- ##

ac_cv_build=x86_64-apple-darwin15.0.0
ac_cv_c_compiler_gnu=yes
ac_cv_c_const=yes
ac_cv_env_CC_set=
ac_cv_env_CC_value=
ac_cv_env_CFLAGS_set=
ac_cv_env_CFLAGS_value=
ac_cv_env_CPPFLAGS_set=
ac_cv_env_CPPFLAGS_value=
ac_cv_env_CPP_set=
ac_cv_env_CPP_value=
ac_cv_env_LDFLAGS_set=
ac_cv_env_LDFLAGS_value=
ac_cv_env_LIBS_set=
ac_cv_env_LIBS_value=
ac_cv_env_LT_SYS_LIBRARY_PATH_set=
ac_cv_env_LT_SYS_LIBRARY_PATH_value=
ac_cv_env_build_alias_set=
ac_cv_env_build_alias_value=
ac_cv_env_host_alias_set=
ac_cv_env_host_alias_value=
ac_cv_env_target_alias_set=
ac_cv_env_target_alias_value=
ac_cv_header_dlfcn_h=yes
ac_cv_header_inttypes_h=yes
ac_cv_header_locale_h=yes
ac_cv_header_memory_h=yes
ac_cv_header_stdc=yes
ac_cv_header_stddef_h=yes
ac_cv_header_stdint_h=yes
ac_cv_header_stdlib_h=yes
ac_cv_header_string_h=yes
ac_cv_header_strings_h=yes
ac_cv_header_sys_stat_h=yes
ac_cv_header_sys_types_h=yes
ac_cv_header_unistd_h=yes
ac_cv_host=x86_64-apple-darwin15.0.0
ac_cv_objext=o
ac_cv_path_EGREP='/usr/bin/grep -E'
ac_cv_path_FGREP='/usr/bin/grep -F'
ac_cv_path_GREP=/usr/bin/grep
ac_cv_path_SED=/usr/bin/sed
ac_cv_path_install='/usr/bin/install -c'
ac_cv_path_lt_DD=/bin/dd
ac_cv_prog_AWK=awk
ac_cv_prog_CPP='gcc -E'
ac_cv_prog_ac_ct_AR=ar
ac_cv_prog_ac_ct_CC=gcc
ac_cv_prog_ac_ct_DLLTOOL=dlltool
ac_cv_prog_ac_ct_DSYMUTIL=dsymutil
ac_cv_prog_ac_ct_LIPO=lipo
ac_cv_prog_ac_ct_NMEDIT=nmedit
ac_cv_prog_ac_ct_OBJDUMP=objdump
ac_cv_prog_ac_ct_OTOOL=otool
ac_cv_prog_ac_ct_RANLIB=ranlib
ac_cv_prog_ac_ct_STRIP=strip
ac_cv_prog_cc_c89=
ac_cv_prog_cc_c99=
ac_cv_prog_cc_g=yes
ac_cv_prog_cc_stdc=
ac_cv_prog_make_make_set=yes
ac_cv_target=x86_64-apple-darwin15.0.0
am_cv_CC_dependencies_compiler_type=gcc3
am_cv_ar_interface=ar
am_cv_make_support_nested_variables=yes
am_cv_prog_cc_c_o=yes
ijg_cv_have_prototypes=yes
ijg_cv_inline=__inline__
lt_cv_apple_cc_single_mod=yes
lt_cv_ar_at_file=no
lt_cv_deplibs_check_method=pass_all
lt_cv_file_magic_cmd='$MAGIC_CMD'
lt_cv_file_magic_test_file=
lt_cv_ld_exported_symbols_list=yes
lt_cv_ld_force_load=yes
lt_cv_ld_reload_flag=-r
lt_cv_nm_interface='BSD nm'
lt_cv_objdir=.libs
lt_cv_path_LD=/Applications/Xcode.app/Contents/Developer/Toolchains/XcodeDefault.xctoolchain/usr/bin/ld
lt_cv_path_NM=/usr/bin/nm
lt_cv_path_mainfest_tool=no
lt_cv_prog_compiler_c_o=yes
lt_cv_prog_compiler_pic='-fno-common -DPIC'
lt_cv_prog_compiler_pic_works=yes
lt_cv_prog_compiler_rtti_exceptions=yes
lt_cv_prog_compiler_static_works=no
lt_cv_prog_gnu_ld=no
lt_cv_sharedlib_from_linklib_cmd='printf %s\n'
lt_cv_sys_global_symbol_pipe='sed -n -e '\''s/^.*[	 ]\([BCDEGRST][BCDEGRST]*\)[	 ][	 ]*_\([_A-Za-z][_A-Za-z0-9]*\)$/\1 _\2 \2/p'\'' | sed '\''/ __gnu_lto/d'\'''
lt_cv_sys_global_symbol_to_c_name_address='sed -n -e '\''s/^: \(.*\) .*$/  {"\1", (void *) 0},/p'\'' -e '\''s/^[BCDEGRST][BCDEGRST]* .* \(.*\)$/  {"\1", (void *) \&\1},/p'\'''
lt_cv_sys_global_symbol_to_c_name_address_lib_prefix='sed -n -e '\''s/^: \(.*\) .*$/  {"\1", (void *) 0},/p'\'' -e '\''s/^[BCDEGRST][BCDEGRST]* .* \(lib.*\)$/  {"\1", (void *) \&\1},/p'\'' -e '\''s/^[BCDEGRST][BCDEGRST]* .* \(.*\)$/  {"lib\1", (void *) \&\1},/p'\'''
lt_cv_sys_global_symbol_to_cdecl='sed -n -e '\''s/^T .* \(.*\)$/extern int \1();/p'\'' -e '\''s/^[BCDEGRST][BCDEGRST]* .* \(.*\)$/extern char \1;/p'\'''
lt_cv_sys_global_symbol_to_import=
lt_cv_sys_max_cmd_len=196608
lt_cv_to_host_file_cmd=func_convert_file_noop
lt_cv_to_tool_file_cmd=func_convert_file_noop
lt_cv_truncate_bin='/bin/dd bs=4096 count=1'

## ----------------- ##
## Output variables. ##
## ----------------- ##

ACLOCAL='${SHELL} /Users/hanshinan/Dev/src/github.com/anknown/opencl-jpeg/missing aclocal-1.15'
AMDEPBACKSLASH='\'
AMDEP_FALSE='#'
AMDEP_TRUE=''
AMTAR='$${TAR-tar}'
AM_BACKSLASH='\'
AM_DEFAULT_V='$(AM_DEFAULT_VERBOSITY)'
AM_DEFAULT_VERBOSITY='0'
AM_V='$(V)'
AR='ar'
AS='as'
AUTOCONF='${SHELL} /Users/hanshinan/Dev/src/github.com/anknown/opencl-jpeg/missing autoconf'
AUTOHEADER='echo autoheader ignored'
AUTOMAKE='${SHELL} /Users/hanshinan/Dev/src/github.com/anknown/opencl-jpeg/missing automake-1.15'
AWK='awk'
CC='gcc'
CCDEPMODE='depmode=gcc3'
CFLAGS='-g -O2'
CPP='gcc -E'
CPPFLAGS=''
CYGPATH_W='echo'
DEFS='-DHAVE_CONFIG_H'
DEPDIR='.deps'
DLLTOOL='dlltool'
DSYMUTIL='dsymutil'
DUMPBIN=''
ECHO_C='\c'
ECHO_N=''
ECHO_T=''
EGREP='/usr/bin/grep -E'
EXEEXT=''
FGREP='/usr/bin/grep -F'
GREP='/usr/bin/grep'
HAVE_LD_VERSION_SCRIPT_FALSE=''
HAVE_LD_VERSION_SCRIPT_TRUE='#'
INSTALL_DATA='${INSTALL} -m 644'
INSTALL_PROGRAM='${INSTALL}'
INSTALL_SCRIPT='${INSTALL}'
INSTALL_STRIP_PROGRAM='$(install_sh) -c -s'
JPEG_LIB_VERSION='8:0'
LD='/Applications/Xcode.app/Contents/Developer/Toolchains/XcodeDefault.xctoolchain/usr/bin/ld'
LDFLAGS=''
LIBOBJS=''
LIBS=''
LIBTOOL='$(SHELL) $(top_builddir)/libtool'
LIPO='lipo'
LN_S='ln -s'
LTLIBOBJS=''
LT_SYS_LIBRARY_PATH=''
MAINT='#'
MAINTAINER_MODE_FALSE=''
MAINTAINER_MODE_TRUE='#'
MAKEINFO='${SHELL} /Users/hanshinan/Dev/src/github.com/anknown/opencl-jpeg/missing makeinfo'
MANIFEST_TOOL=':'
MEMORYMGR='jmemnobs'
MKDIR_P='./install-sh -c -d'
NM='/usr/bin/nm'
NMEDIT='nmedit'
OBJDUMP='objdump'
OBJEXT='o'
OPENCL_LDFLAGS=''
OPENCL_SUPPORTED_FALSE=''
OPENCL_SUPPORTED_TRUE='#'
OS_SYSTEM='darwin'
OTOOL64=':'
OTOOL='otool'
PACKAGE='libjpeg'
PACKAGE_BUGREPORT=''
PACKAGE_NAME='libjpeg'
PACKAGE_STRING='libjpeg 8.0'
PACKAGE_TARNAME='libjpeg'
PACKAGE_URL=''
PACKAGE_VERSION='8.0'
PATH_SEPARATOR=':'
RANLIB='ranlib'
SED='/usr/bin/sed'
SET_MAKE=''
SHELL='/bin/sh'
STRIP='strip'
VERSION='8.0'
ac_ct_AR='ar'
ac_ct_CC='gcc'
ac_ct_DUMPBIN=''
am__EXEEXT_FALSE=''
am__EXEEXT_TRUE='#'
am__fastdepCC_FALSE='#'
am__fastdepCC_TRUE=''
am__include='include'
am__isrc=''
am__leading_dot='.'
am__nodep='_no'
am__quote=''
am__tar='$${TAR-tar} chof - "$$tardir"'
am__untar='$${TAR-tar} xf -'
bindir='${exec_prefix}/bin'
build='x86_64-apple-darwin15.0.0'
build_alias=''
build_cpu='x86_64'
build_os='darwin15.0.0'
build_vendor='apple'
datadir='${datarootdir}'
datarootdir='${prefix}/share'
docdir='${datarootdir}/doc/${PACKAGE_TARNAME}'
dvidir='${docdir}'
exec_prefix='${prefix}'
host='x86_64-apple-darwin15.0.0'
host_alias=''
host_cpu='x86_64'
host_os='darwin15.0.0'
host_vendor='apple'
htmldir='${docdir}'
includedir='${prefix}/include'
infodir='${datarootdir}/info'
install_sh='${SHELL} /Users/hanshinan/Dev/src/github.com/anknown/opencl-jpeg/install-sh'
libdir='${exec_prefix}/lib'
libexecdir='${exec_prefix}/libexec'
localedir='${datarootdir}/locale'
localstatedir='${prefix}/var'
mandir='${datarootdir}/man'
mkdir_p='$(MKDIR_P)'
oldincludedir='/usr/include'
pdfdir='${docdir}'
prefix='/usr/local'
program_transform_name='s,x,x,'
psdir='${docdir}'
sbindir='${exec_prefix}/sbin'
sharedstatedir='${prefix}/com'
sysconfdir='${prefix}/etc'
target='x86_64-apple-darwin15.0.0'
target_alias=''
target_cpu='x86_64'
target_os='darwin15.0.0'
target_vendor='apple'

## ----------- ##
## confdefs.h. ##
## ----------- ##

/* confdefs.h */
#define PACKAGE_NAME "libjpeg"
#define PACKAGE_TARNAME "libjpeg"
#define PACKAGE_VERSION "8.0"
#define PACKAGE_STRING "libjpeg 8.0"
#define PACKAGE_BUGREPORT ""
#define PACKAGE_URL ""
#define PACKAGE "libjpeg"
#define VERSION "8.0"
#define HAVE_PROTOTYPES 1
#define STDC_HEADERS 1
#define HAVE_SYS_TYPES_H 1
#define HAVE_SYS_STAT_H 1
#define HAVE_STDLIB_H 1
#define HAVE_STRING_H 1
#define HAVE_MEMORY_H 1
#define HAVE_STRINGS_H 1
#define HAVE_INTTYPES_H 1
#define HAVE_STDINT_H 1
#define HAVE_UNISTD_H 1
#define HAVE_STDDEF_H 1
#define HAVE_STDLIB_H 1
#define HAVE_LOCALE_H 1
#define HAVE_UNSIGNED_CHAR 1
#define HAVE_UNSIGNED_SHORT 1
#define INLINE __inline__
#define HAVE_DLFCN_H 1
#define LT_OBJDIR ".libs/"

configure: exit 0
